{
  "numFailedTestSuites": 0,
  "numFailedTests": 0,
  "numPassedTestSuites": 1,
  "numPassedTests": 3,
  "numPendingTestSuites": 0,
  "numPendingTests": 0,
  "numRuntimeErrorTestSuites": 0,
  "numTodoTests": 0,
  "numTotalTestSuites": 1,
  "numTotalTests": 3,
  "openHandles": [],
  "snapshot": {
    "added": 0,
    "didUpdate": false,
    "failure": false,
    "filesAdded": 0,
    "filesRemoved": 0,
    "filesRemovedList": [],
    "filesUnmatched": 0,
    "filesUpdated": 0,
    "matched": 0,
    "total": 0,
    "unchecked": 0,
    "uncheckedKeysByFile": [],
    "unmatched": 0,
    "updated": 0
  },
  "startTime": 1678952125637,
  "success": false,
  "testResults": [
    {
      "leaks": false,
      "numFailingTests": 0,
      "numPassingTests": 3,
      "numPendingTests": 0,
      "numTodoTests": 0,
      "openHandles": [],
      "perfStats": {
        "end": 1678952128719,
        "runtime": 3007,
        "slow": false,
        "start": 1678952125712
      },
      "skipped": false,
      "snapshot": {
        "added": 0,
        "fileDeleted": false,
        "matched": 0,
        "unchecked": 0,
        "uncheckedKeys": [],
        "unmatched": 0,
        "updated": 0
      },
      "testFilePath": "/home/harshal_gawali/Java Scripts Tutorial/Puppeteer Tutorials/SwagLabs/swaglabs.test.js",
      "testResults": [
        {
          "ancestorTitles": [
            "Swag Labs Site Automation"
          ],
          "duration": 1935,
          "failureDetails": [],
          "failureMessages": [],
          "fullName": "Swag Labs Site Automation Standard User Automation",
          "invocations": 1,
          "location": null,
          "numPassingAsserts": 17,
          "retryReasons": [],
          "status": "passed",
          "title": "Standard User Automation"
        },
        {
          "ancestorTitles": [
            "Swag Labs Site Automation"
          ],
          "duration": 170,
          "failureDetails": [],
          "failureMessages": [],
          "fullName": "Swag Labs Site Automation Locked User Automation",
          "invocations": 1,
          "location": null,
          "numPassingAsserts": 1,
          "retryReasons": [],
          "status": "passed",
          "title": "Locked User Automation"
        },
        {
          "ancestorTitles": [
            "Swag Labs Site Automation"
          ],
          "duration": 684,
          "failureDetails": [],
          "failureMessages": [],
          "fullName": "Swag Labs Site Automation Problem User Automation",
          "invocations": 1,
          "location": null,
          "numPassingAsserts": 2,
          "retryReasons": [],
          "status": "passed",
          "title": "Problem User Automation"
        }
      ],
      "failureMessage": null
    }
  ],
  "wasInterrupted": false
}