{
  "numFailedTestSuites": 0,
  "numFailedTests": 0,
  "numPassedTestSuites": 1,
  "numPassedTests": 1,
  "numPendingTestSuites": 0,
  "numPendingTests": 0,
  "numRuntimeErrorTestSuites": 0,
  "numTodoTests": 0,
  "numTotalTestSuites": 1,
  "numTotalTests": 1,
  "openHandles": [],
  "snapshot": {
    "added": 0,
    "didUpdate": false,
    "failure": false,
    "filesAdded": 0,
    "filesRemoved": 0,
    "filesRemovedList": [],
    "filesUnmatched": 0,
    "filesUpdated": 0,
    "matched": 0,
    "total": 0,
    "unchecked": 0,
    "uncheckedKeysByFile": [],
    "unmatched": 0,
    "updated": 0
  },
  "startTime": 1678952151372,
  "success": false,
  "testResults": [
    {
      "leaks": false,
      "numFailingTests": 0,
      "numPassingTests": 1,
      "numPendingTests": 0,
      "numTodoTests": 0,
      "openHandles": [],
      "perfStats": {
        "end": 1678952158567,
        "runtime": 7117,
        "slow": true,
        "start": 1678952151450
      },
      "skipped": false,
      "snapshot": {
        "added": 0,
        "fileDeleted": false,
        "matched": 0,
        "unchecked": 0,
        "uncheckedKeys": [],
        "unmatched": 0,
        "updated": 0
      },
      "testFilePath": "/home/harshal_gawali/Java Scripts Tutorial/Puppeteer Tutorials/XYZBank/bank.test.js",
      "testResults": [
        {
          "ancestorTitles": [
            "XYZ Bank Web-Site Automation"
          ],
          "duration": 6868,
          "failureDetails": [],
          "failureMessages": [],
          "fullName": "XYZ Bank Web-Site Automation Login as Manager",
          "invocations": 1,
          "location": null,
          "numPassingAsserts": 18,
          "retryReasons": [],
          "status": "passed",
          "title": "Login as Manager"
        }
      ],
      "failureMessage": null
    }
  ],
  "wasInterrupted": false
}